echo c349yzhgtmws.int.thomsonreuters.com
/appserver/tomcat/tomcat-ws-danfoss_8.0.45.1/bin/./startServer.sh
echo c349yzhgtmws.int.thomsonreuters.com
/appserver/tomcat/tomcat-ws-sfwarc-qa/bin/./startServer.sh
echo c349yzhgtmws.int.thomsonreuters.com
/appserver/tomcat/tomcat-ws-sfwkel-qa/bin/./startServer.sh
echo c349yzhgtmws.int.thomsonreuters.com
/appserver/tomcat/tomcat-ws-sfwkra-qa/bin/./startServer.sh
echo c349yzhgtmws.int.thomsonreuters.com
/appserver/tomcat/tomcat-ws-sfwsap-qa/bin/./startServer.sh
echo c349yzhgtmws.int.thomsonreuters.com
/appserver/tomcat/tomcat-ws-traet-qa/bin/./startServer.sh
echo c349yzhgtmws.int.thomsonreuters.com
/appserver/tomcat/tomcat-ws-trfin-qa/bin/./startServer.sh
echo c349yzhgtmws.int.thomsonreuters.com
/appserver/tomcat/tomcat-ws-trpmi-qa/bin/./startServer.sh
echo c349yzhgtmws.int.thomsonreuters.com
/appserver/tomcat/tomcat-ws-trsms-qa/bin/./startServer.sh
echo c349yzhgtmws.int.thomsonreuters.com
/appserver/tomcat/tomcat-ws-trwal-qa/bin/./startServer.sh
echo c349yzhgtmws.int.thomsonreuters.com
/appdata/tomcat/tomcat-ws-danfoss_8.0.45.1/bin/./startServer.sh
